ARM GAS  /cygdrive/d/DOCUME~1/rshilkr/LOCALS~1/Temp/ccW7AWoL.s 			page 1


   1              		.code	16
   2              		.file	"uart.c"
   3              		.section	.debug_abbrev,"",%progbits
   4              	.Ldebug_abbrev0:
   5              		.section	.debug_info,"",%progbits
   6              	.Ldebug_info0:
   7              		.section	.debug_line,"",%progbits
   8              	.Ldebug_line0:
   9 0000 D4000000 		.text
   9      02004300 
   9      00000201 
   9      FB0E0D00 
   9      01010101 
  10              	.Ltext0:
  11              		.align	2
  12              		.global	initUart1
  13              		.code 16
  14              		.thumb_func
  15              		.type	initUart1, %function
  16              	initUart1:
  17              	.LFB2:
  18              		.file 1 "../uart.c"
   1:../uart.c     **** /******************************************************************************
   2:../uart.c     ****  *
   3:../uart.c     ****  * Copyright:
   4:../uart.c     ****  *    (C) 2005 Embedded Artists AB
   5:../uart.c     ****  *
   6:../uart.c     ****  * File:
   7:../uart.c     ****  *    uart.c
   8:../uart.c     ****  *
   9:../uart.c     ****  * Description:
  10:../uart.c     ****  *    Implementation of interrupt driven UART.
  11:../uart.c     ****  *
  12:../uart.c     ****  *****************************************************************************/
  13:../uart.c     **** 
  14:../uart.c     **** /******************************************************************************
  15:../uart.c     ****  * Includes
  16:../uart.c     ****  *****************************************************************************/
  17:../uart.c     **** #include "pre_emptive_os/api/general.h"
  18:../uart.c     **** #include <lpc2xxx.h>
  19:../uart.c     **** #include "uart.h"
  20:../uart.c     **** #include "irq/irqUart.h"
  21:../uart.c     **** 
  22:../uart.c     **** 
  23:../uart.c     **** /*****************************************************************************
  24:../uart.c     ****  * Local variables
  25:../uart.c     ****  ****************************************************************************/
  26:../uart.c     **** tU8 uart1TxBuf[TX_BUFFER_SIZE];
  27:../uart.c     **** volatile tU32 uart1TxHead = 0;
  28:../uart.c     **** volatile tU32 uart1TxTail = 0;
  29:../uart.c     **** volatile tU8  uart1TxRunning = FALSE;
  30:../uart.c     **** 
  31:../uart.c     **** tU8 uart1RxBuf[RX_BUFFER_SIZE];
  32:../uart.c     **** volatile tU32 uart1RxHead = 0;
  33:../uart.c     **** volatile tU32 uart1RxTail = 0;
  34:../uart.c     **** 
  35:../uart.c     **** 
ARM GAS  /cygdrive/d/DOCUME~1/rshilkr/LOCALS~1/Temp/ccW7AWoL.s 			page 2


  36:../uart.c     **** /*****************************************************************************
  37:../uart.c     ****  * Implementation of public functions
  38:../uart.c     ****  ****************************************************************************/
  39:../uart.c     **** 
  40:../uart.c     **** /*****************************************************************************
  41:../uart.c     ****  *
  42:../uart.c     ****  * Description:
  43:../uart.c     ****  *    Initialize UART #1 in polled mode, i.e., interrupts are not used.
  44:../uart.c     ****  *
  45:../uart.c     ****  * Parameters:
  46:../uart.c     ****  *    [in] div_factor - UART clock division factor to get desired bit rate.
  47:../uart.c     ****  *                      Use definitions in uart.h to calculate correct value.
  48:../uart.c     ****  *    [in] mode       - transmission format settings. Use constants in uart.h
  49:../uart.c     ****  *    [in] fifo_mode  - FIFO control settings. Use constants in uart.h
  50:../uart.c     ****  *
  51:../uart.c     ****  ****************************************************************************/
  52:../uart.c     **** void
  53:../uart.c     **** initUart1(tU16 div_factor, tU8 mode, tU8 fifo_mode)
  54:../uart.c     **** {
  19              		.loc 1 54 0
  20 0000 F0B5     		push	{r4, r5, r6, r7, lr}
  21              	.LCFI0:
  22              	.LVL0:
  55:../uart.c     ****   volatile tU32 dummy;
  56:../uart.c     ****   
  57:../uart.c     ****   //enable uart #1 pins in GPIO (P0.8 = TxD1, P0.9 = RxD1)
  58:../uart.c     ****   PINSEL0 = (PINSEL0 & 0xfff0ffff) | 0x00050000;
  23              		.loc 1 58 0
  24 0002 244D     		ldr	r5, .L3
  25 0004 244B     		ldr	r3, .L3+4
  26 0006 2C68     		ldr	r4, [r5]
  27 0008 1C40     		and	r4, r4, r3
  28 000a A023     		mov	r3, #160
  59:../uart.c     **** 
  60:../uart.c     ****   U1IER = 0x00;                        //disable all uart interrupts
  29              		.loc 1 60 0
  30 000c 234F     		ldr	r7, .L3+8
  31              		.loc 1 58 0
  32 000e DB02     		lsl	r3, r3, #11
  33              		.loc 1 54 0
  34 0010 1206     		lsl	r2, r2, #24
  35              	.LVL1:
  36              		.loc 1 60 0
  37 0012 0026     		mov	r6, #0
  38              		.loc 1 54 0
  39 0014 83B0     		sub	sp, sp, #12
  40              	.LCFI1:
  41              		.loc 1 58 0
  42 0016 1C43     		orr	r4, r4, r3
  43              		.loc 1 54 0
  44 0018 120E     		lsr	r2, r2, #24
  45              		.loc 1 58 0
  46 001a 2C60     		str	r4, [r5]
  47              		.loc 1 54 0
  48 001c 0092     		str	r2, [sp]
  49              	.LVL2:
  50              		.loc 1 60 0
ARM GAS  /cygdrive/d/DOCUME~1/rshilkr/LOCALS~1/Temp/ccW7AWoL.s 			page 3


  51 001e 3E60     		str	r6, [r7]
  61:../uart.c     ****   dummy = U1IIR;                       //clear all pending interrupts
  52              		.loc 1 61 0
  53 0020 1F4A     		ldr	r2, .L3+12
  54 0022 1368     		ldr	r3, [r2]
  55 0024 0293     		str	r3, [sp, #8]
  56              	.LVL3:
  62:../uart.c     ****   dummy = U1RBR;                       //clear receive register
  57              		.loc 1 62 0
  58 0026 1F4B     		ldr	r3, .L3+16
  59 0028 9C46     		mov	ip, r3
  60 002a 1B68     		ldr	r3, [r3]
  61 002c 0293     		str	r3, [sp, #8]
  62              	.LVL4:
  63:../uart.c     ****   dummy = U1LSR;                       //clear line status register
  63              		.loc 1 63 0
  64 002e 1E4B     		ldr	r3, .L3+20
  65 0030 1B68     		ldr	r3, [r3]
  66              		.loc 1 54 0
  67 0032 0004     		lsl	r0, r0, #16
  68              	.LVL5:
  69              		.loc 1 63 0
  70 0034 0293     		str	r3, [sp, #8]
  71              	.LVL6:
  64:../uart.c     **** 
  65:../uart.c     ****   //set the bit rate = set uart clock (pclk) divisionfactor
  66:../uart.c     ****   U1LCR = 0x80;                        //enable divisor latches (DLAB bit set, bit 7)
  72              		.loc 1 66 0
  73 0036 1D4D     		ldr	r5, .L3+24
  67:../uart.c     ****   U1DLL = (tU8)div_factor;             //write division factor LSB
  74              		.loc 1 67 0
  75 0038 0302     		lsl	r3, r0, #8
  76              		.loc 1 66 0
  77 003a 8024     		mov	r4, #128
  78              		.loc 1 67 0
  79 003c 6246     		mov	r2, ip
  80 003e 1B0E     		lsr	r3, r3, #24
  81              		.loc 1 54 0
  82 0040 0906     		lsl	r1, r1, #24
  83              	.LVL7:
  84              		.loc 1 66 0
  85 0042 2C60     		str	r4, [r5]
  86              		.loc 1 54 0
  87 0044 090E     		lsr	r1, r1, #24
  88              	.LVL8:
  89              		.loc 1 67 0
  90 0046 1360     		str	r3, [r2]
  68:../uart.c     ****   U1DLM = (tU8)(div_factor >> 8);      //write division factor MSB
  69:../uart.c     **** 
  70:../uart.c     ****   //set transmissiion and fifo mode
  71:../uart.c     ****   U1LCR = (mode & ~0x80);              //DLAB bit (bit 7) must be reset
  72:../uart.c     ****   U1FCR = fifo_mode;
  91              		.loc 1 72 0
  92 0048 009B     		ldr	r3, [sp]
  93              		.loc 1 68 0
  94 004a 000E     		lsr	r0, r0, #24
  95              		.loc 1 71 0
ARM GAS  /cygdrive/d/DOCUME~1/rshilkr/LOCALS~1/Temp/ccW7AWoL.s 			page 4


  96 004c A143     		bic	r1, r1, r4
  97              	.LVL9:
  98              		.loc 1 72 0
  99 004e 0832     		add	r2, r2, #8
 100              		.loc 1 68 0
 101 0050 3860     		str	r0, [r7]
 102              		.loc 1 71 0
 103 0052 2960     		str	r1, [r5]
 104              		.loc 1 72 0
 105 0054 1360     		str	r3, [r2]
  73:../uart.c     **** 
  74:../uart.c     ****   //initialize the interrupt vector
  75:../uart.c     ****   VICIntSelect &= ~0x00000080;      // UART1 selected as IRQ
 106              		.loc 1 75 0
 107 0056 164A     		ldr	r2, .L3+28
 108 0058 1368     		ldr	r3, [r2]
 109 005a A343     		bic	r3, r3, r4
 110 005c 1360     		str	r3, [r2]
  76:../uart.c     ****   VICVectCntl7  =  0x00000027;
 111              		.loc 1 76 0
 112 005e 154B     		ldr	r3, .L3+32
 113 0060 2722     		mov	r2, #39
 114 0062 1A60     		str	r2, [r3]
  77:../uart.c     ****   VICVectAddr7  =  (tU32)uart1ISR;  // address of the ISR
 115              		.loc 1 77 0
 116 0064 144A     		ldr	r2, .L3+36
 117 0066 154B     		ldr	r3, .L3+40
 118 0068 1A60     		str	r2, [r3]
  78:../uart.c     ****   VICIntEnable |=  0x00000080;      // UART1 interrupt enabled
 119              		.loc 1 78 0
 120 006a 154A     		ldr	r2, .L3+44
 121 006c 1368     		ldr	r3, [r2]
 122 006e 2343     		orr	r3, r3, r4
 123 0070 1360     		str	r3, [r2]
  79:../uart.c     **** 
  80:../uart.c     ****   //initialize the transmit data queue
  81:../uart.c     ****   uart1TxHead    = 0;
 124              		.loc 1 81 0
 125 0072 144B     		ldr	r3, .L3+48
 126 0074 1E60     		str	r6, [r3]
  82:../uart.c     ****   uart1TxTail    = 0;
 127              		.loc 1 82 0
 128 0076 144B     		ldr	r3, .L3+52
 129 0078 1E60     		str	r6, [r3]
  83:../uart.c     ****   uart1TxRunning = FALSE;
 130              		.loc 1 83 0
 131 007a 144B     		ldr	r3, .L3+56
 132 007c 1E70     		strb	r6, [r3]
  84:../uart.c     **** 
  85:../uart.c     ****   //initialize the receive data queue
  86:../uart.c     ****   uart1RxHead   = 0;
 133              		.loc 1 86 0
 134 007e 144B     		ldr	r3, .L3+60
 135 0080 1E60     		str	r6, [r3]
  87:../uart.c     ****   uart1RxTail   = 0;
 136              		.loc 1 87 0
 137 0082 144B     		ldr	r3, .L3+64
ARM GAS  /cygdrive/d/DOCUME~1/rshilkr/LOCALS~1/Temp/ccW7AWoL.s 			page 5


  88:../uart.c     **** 
  89:../uart.c     ****   //enable receiver interrupts
  90:../uart.c     ****   U1IER = 0x01;
  91:../uart.c     **** }
 138              		.loc 1 91 0
 139 0084 03B0     		add	sp, sp, #12
 140              		.loc 1 87 0
 141 0086 1E60     		str	r6, [r3]
 142              		.loc 1 90 0
 143 0088 0123     		mov	r3, #1
 144 008a 3B60     		str	r3, [r7]
 145              		.loc 1 91 0
 146              		@ sp needed for prologue
 147 008c F0BC     		pop	{r4, r5, r6, r7}
 148 008e 01BC     		pop	{r0}
 149 0090 0047     		bx	r0
 150              	.L4:
 151 0092 C046     		.align	2
 152              	.L3:
 153 0094 00C002E0 		.word	-536690688
 154 0098 FFFFF0FF 		.word	-983041
 155 009c 040001E0 		.word	-536805372
 156 00a0 080001E0 		.word	-536805368
 157 00a4 000001E0 		.word	-536805376
 158 00a8 140001E0 		.word	-536805356
 159 00ac 0C0001E0 		.word	-536805364
 160 00b0 0CF0FFFF 		.word	-4084
 161 00b4 1CF2FFFF 		.word	-3556
 162 00b8 00000000 		.word	uart1ISR
 163 00bc 1CF1FFFF 		.word	-3812
 164 00c0 10F0FFFF 		.word	-4080
 165 00c4 00000000 		.word	uart1TxHead
 166 00c8 00000000 		.word	uart1TxTail
 167 00cc 00000000 		.word	uart1TxRunning
 168 00d0 00000000 		.word	uart1RxHead
 169 00d4 00000000 		.word	uart1RxTail
 170              	.LFE2:
 171              		.size	initUart1, .-initUart1
 172              		.align	2
 173              		.global	uart1GetChar
 174              		.code 16
 175              		.thumb_func
 176              		.type	uart1GetChar, %function
 177              	uart1GetChar:
 178              	.LFB8:
  92:../uart.c     **** 
  93:../uart.c     **** /*****************************************************************************
  94:../uart.c     ****  *
  95:../uart.c     ****  * Description:
  96:../uart.c     ****  *    Blocking output routine, i.e., the routine waits until the uart 
  97:../uart.c     ****  *    buffer is free and then sends the character. 
  98:../uart.c     ****  *
  99:../uart.c     ****  * Params:
 100:../uart.c     ****  *    [in] charToSend - The character to print (to uart #1) 
 101:../uart.c     ****  *
 102:../uart.c     ****  ****************************************************************************/
 103:../uart.c     **** void
ARM GAS  /cygdrive/d/DOCUME~1/rshilkr/LOCALS~1/Temp/ccW7AWoL.s 			page 6


 104:../uart.c     **** uart1SendChar(tU8 charToSend)
 105:../uart.c     **** {
 106:../uart.c     ****   volatile tU32 cpsrReg;
 107:../uart.c     ****   tU32 tmpHead;
 108:../uart.c     **** 
 109:../uart.c     ****   //calculate head index
 110:../uart.c     ****   tmpHead = (uart1TxHead + 1) & TX_BUFFER_MASK; 
 111:../uart.c     **** 
 112:../uart.c     ****   //wait for free space in buffer
 113:../uart.c     ****   while(tmpHead == uart1TxTail)
 114:../uart.c     ****     ;
 115:../uart.c     **** 
 116:../uart.c     ****   //disable IRQ
 117:../uart.c     ****   cpsrReg = disIrq();
 118:../uart.c     **** 
 119:../uart.c     ****   U1IER &= ~0x02;   //disable TX IRQ
 120:../uart.c     **** 
 121:../uart.c     ****   //enable IRQ
 122:../uart.c     ****   restoreIrq(cpsrReg);
 123:../uart.c     **** 
 124:../uart.c     ****   if(uart1TxRunning == TRUE)
 125:../uart.c     ****   {
 126:../uart.c     ****     uart1TxBuf[tmpHead] = charToSend; 
 127:../uart.c     ****     uart1TxHead         = tmpHead;
 128:../uart.c     ****   }
 129:../uart.c     ****   else
 130:../uart.c     ****   {
 131:../uart.c     ****     uart1TxRunning = TRUE;
 132:../uart.c     ****     U1THR          = charToSend;
 133:../uart.c     ****   }
 134:../uart.c     **** 
 135:../uart.c     ****   //disable IRQ
 136:../uart.c     ****   cpsrReg = disIrq();
 137:../uart.c     **** 
 138:../uart.c     ****   U1IER |= 0x02;   //enable TX IRQ
 139:../uart.c     **** 
 140:../uart.c     ****   //enable IRQ
 141:../uart.c     ****   restoreIrq(cpsrReg);
 142:../uart.c     **** }
 143:../uart.c     **** 
 144:../uart.c     **** 
 145:../uart.c     **** /*****************************************************************************
 146:../uart.c     ****  *
 147:../uart.c     ****  * Description:
 148:../uart.c     ****  *    Output routine that adds extra line feeds at line breaks. 
 149:../uart.c     ****  *
 150:../uart.c     ****  * Params:
 151:../uart.c     ****  *    [in] charToSend - The character to print (to uart #1) 
 152:../uart.c     ****  *
 153:../uart.c     ****  ****************************************************************************/
 154:../uart.c     **** void
 155:../uart.c     **** uart1SendCh(tU8 charToSend)
 156:../uart.c     **** {
 157:../uart.c     ****   if(charToSend == '\n')
 158:../uart.c     ****     uart1SendChar('\r');
 159:../uart.c     **** 
 160:../uart.c     ****   uart1SendChar(charToSend);
ARM GAS  /cygdrive/d/DOCUME~1/rshilkr/LOCALS~1/Temp/ccW7AWoL.s 			page 7


 161:../uart.c     **** }
 162:../uart.c     **** 
 163:../uart.c     **** 
 164:../uart.c     **** /*****************************************************************************
 165:../uart.c     ****  *
 166:../uart.c     ****  * Description:
 167:../uart.c     ****  *    Print NULL-terminated string to uart #1. 
 168:../uart.c     ****  *
 169:../uart.c     ****  * Params:
 170:../uart.c     ****  *    [in] pString - Pointer to NULL-terminated string to be printed 
 171:../uart.c     ****  *
 172:../uart.c     ****  ****************************************************************************/
 173:../uart.c     **** void
 174:../uart.c     **** uart1SendString(tU8 *pString)
 175:../uart.c     **** {
 176:../uart.c     ****   while(*pString)
 177:../uart.c     ****     uart1SendCh(*pString++);
 178:../uart.c     **** }
 179:../uart.c     **** 
 180:../uart.c     **** /*****************************************************************************
 181:../uart.c     ****  *
 182:../uart.c     ****  * Description:
 183:../uart.c     ****  *    Print a fixed number of bytes (as opposed to NULL-terminated string).
 184:../uart.c     ****  *
 185:../uart.c     ****  * Params:
 186:../uart.c     ****  *    [in] pBuff - The character to print (to uart #1) 
 187:../uart.c     ****  *    [in] count - Number of characters to print
 188:../uart.c     ****  *
 189:../uart.c     ****  ****************************************************************************/
 190:../uart.c     **** void
 191:../uart.c     **** uart1SendChars(char *pBuff, tU16 count)
 192:../uart.c     **** {
 193:../uart.c     ****   while (count--)
 194:../uart.c     ****     uart1SendChar(*pBuff++);
 195:../uart.c     **** }
 196:../uart.c     **** 
 197:../uart.c     **** /*****************************************************************************
 198:../uart.c     ****  *
 199:../uart.c     ****  * Description:
 200:../uart.c     ****  *    Blocking function that waits for a received character. 
 201:../uart.c     ****  *
 202:../uart.c     ****  * Return:
 203:../uart.c     ****  *    The received character. 
 204:../uart.c     ****  *
 205:../uart.c     ****  ****************************************************************************/
 206:../uart.c     **** tU8
 207:../uart.c     **** uart1GetCh(void)
 208:../uart.c     **** {
 209:../uart.c     **** 	tU8 rxChar;
 210:../uart.c     **** 
 211:../uart.c     ****   //wait for a character to be available
 212:../uart.c     ****   while(uart1GetChar(&rxChar) == FALSE)
 213:../uart.c     ****     ;
 214:../uart.c     ****   return rxChar;
 215:../uart.c     **** }
 216:../uart.c     **** 
 217:../uart.c     **** /*****************************************************************************
ARM GAS  /cygdrive/d/DOCUME~1/rshilkr/LOCALS~1/Temp/ccW7AWoL.s 			page 8


 218:../uart.c     ****  *
 219:../uart.c     ****  * Description:
 220:../uart.c     ****  *    Non-blocking receive function.
 221:../uart.c     ****  *
 222:../uart.c     ****  * Params:
 223:../uart.c     ****  *    [in] pRxChar - Pointer to buffer where the received character shall
 224:../uart.c     ****  *                   be placed.
 225:../uart.c     ****  *
 226:../uart.c     ****  * Return:
 227:../uart.c     ****  *    TRUE if character was received, else FALSE.
 228:../uart.c     ****  *
 229:../uart.c     ****  ****************************************************************************/
 230:../uart.c     **** tU8
 231:../uart.c     **** uart1GetChar(tU8 *pRxChar)
 232:../uart.c     **** {
 179              		.loc 1 232 0
 180              	.LVL10:
 233:../uart.c     ****   tU32 tmpTail;
 234:../uart.c     **** 
 235:../uart.c     ****   /* buffer is empty */
 236:../uart.c     ****   if(uart1RxHead == uart1RxTail)
 181              		.loc 1 236 0
 182 00d8 084B     		ldr	r3, .L10
 183 00da 0949     		ldr	r1, .L10+4
 184 00dc 1A68     		ldr	r2, [r3]
 185 00de 0B68     		ldr	r3, [r1]
 186              		.loc 1 232 0
 187              		@ lr needed for prologue
 188              		.loc 1 236 0
 189 00e0 9A42     		cmp	r2, r3
 190 00e2 01D1     		bne	.L6
 191 00e4 0020     		mov	r0, #0
 192              	.LVL11:
 193 00e6 08E0     		b	.L8
 194              	.LVL12:
 195              	.L6:
 237:../uart.c     ****     return FALSE;
 238:../uart.c     **** 
 239:../uart.c     ****   tmpTail     = (uart1RxTail + 1) & RX_BUFFER_MASK;
 196              		.loc 1 239 0
 197 00e8 0B68     		ldr	r3, [r1]
 198 00ea 3F22     		mov	r2, #63
 199 00ec 0133     		add	r3, r3, #1
 200 00ee 1340     		and	r3, r3, r2
 201              	.LVL13:
 240:../uart.c     ****   uart1RxTail = tmpTail; 
 202              		.loc 1 240 0
 203 00f0 0B60     		str	r3, [r1]
 241:../uart.c     **** 
 242:../uart.c     ****   *pRxChar = uart1RxBuf[tmpTail];
 204              		.loc 1 242 0
 205 00f2 044A     		ldr	r2, .L10+8
 206 00f4 D35C     		ldrb	r3, [r2, r3]
 207              	.LVL14:
 208 00f6 0370     		strb	r3, [r0]
 209 00f8 0120     		mov	r0, #1
 210              	.LVL15:
ARM GAS  /cygdrive/d/DOCUME~1/rshilkr/LOCALS~1/Temp/ccW7AWoL.s 			page 9


 211              	.L8:
 243:../uart.c     ****   return TRUE;
 244:../uart.c     **** }
 212              		.loc 1 244 0
 213              		@ sp needed for prologue
 214 00fa 7047     		bx	lr
 215              	.L11:
 216              		.align	2
 217              	.L10:
 218 00fc 00000000 		.word	uart1RxHead
 219 0100 00000000 		.word	uart1RxTail
 220 0104 00000000 		.word	uart1RxBuf
 221              	.LFE8:
 222              		.size	uart1GetChar, .-uart1GetChar
 223              		.align	2
 224              		.global	uart1GetCh
 225              		.code 16
 226              		.thumb_func
 227              		.type	uart1GetCh, %function
 228              	uart1GetCh:
 229              	.LFB7:
 230              		.loc 1 208 0
 231 0108 10B5     		push	{r4, lr}
 232              	.LCFI2:
 233 010a 81B0     		sub	sp, sp, #4
 234              	.LCFI3:
 235              	.L14:
 236              		.loc 1 212 0
 237 010c 6C46     		mov	r4, sp
 238 010e 0334     		add	r4, r4, #3
 239 0110 201C     		mov	r0, r4
 240 0112 FFF7FEFF 		bl	uart1GetChar
 241 0116 0028     		cmp	r0, #0
 242 0118 F8D0     		beq	.L14
 243 011a 2078     		ldrb	r0, [r4]
 244              	.LVL16:
 245              	.LVL17:
 246              		.loc 1 215 0
 247 011c 01B0     		add	sp, sp, #4
 248              		@ sp needed for prologue
 249 011e 10BC     		pop	{r4}
 250 0120 02BC     		pop	{r1}
 251 0122 0847     		bx	r1
 252              	.LFE7:
 253              		.size	uart1GetCh, .-uart1GetCh
 254              		.align	2
 255              		.global	uart1SendChar
 256              		.code 16
 257              		.thumb_func
 258              		.type	uart1SendChar, %function
 259              	uart1SendChar:
 260              	.LFB3:
 261              		.loc 1 105 0
 262 0124 30B5     		push	{r4, r5, lr}
 263              	.LCFI4:
 264              	.LVL18:
 265              		.loc 1 110 0
ARM GAS  /cygdrive/d/DOCUME~1/rshilkr/LOCALS~1/Temp/ccW7AWoL.s 			page 10


 266 0126 1A4B     		ldr	r3, .L28
 267 0128 1B68     		ldr	r3, [r3]
 268 012a 0133     		add	r3, r3, #1
 269              		.loc 1 105 0
 270 012c 0006     		lsl	r0, r0, #24
 271              	.LVL19:
 272              		.loc 1 110 0
 273 012e 3F22     		mov	r2, #63
 274 0130 1C1C     		mov	r4, r3
 275              	.LVL20:
 276              		.loc 1 105 0
 277 0132 81B0     		sub	sp, sp, #4
 278              	.LCFI5:
 279              		.loc 1 105 0
 280 0134 050E     		lsr	r5, r0, #24
 281              	.LVL21:
 282              		.loc 1 110 0
 283 0136 1440     		and	r4, r4, r2
 284              	.L20:
 285              		.loc 1 113 0
 286 0138 164B     		ldr	r3, .L28+4
 287 013a 1B68     		ldr	r3, [r3]
 288 013c 9C42     		cmp	r4, r3
 289 013e FBD0     		beq	.L20
 290              		.loc 1 117 0
 291 0140 FFF7FEFF 		bl	disIrq
 292              		.loc 1 119 0
 293 0144 1449     		ldr	r1, .L28+8
 294              		.loc 1 117 0
 295 0146 0090     		str	r0, [sp]
 296              	.LVL22:
 297              		.loc 1 119 0
 298 0148 0B68     		ldr	r3, [r1]
 299 014a 0222     		mov	r2, #2
 300 014c 9343     		bic	r3, r3, r2
 301 014e 0B60     		str	r3, [r1]
 302              		.loc 1 122 0
 303 0150 0098     		ldr	r0, [sp]
 304 0152 FFF7FEFF 		bl	restoreIrq
 305              		.loc 1 124 0
 306 0156 114A     		ldr	r2, .L28+12
 307 0158 1378     		ldrb	r3, [r2]
 308 015a 012B     		cmp	r3, #1
 309 015c 04D1     		bne	.L22
 310              		.loc 1 126 0
 311 015e 104B     		ldr	r3, .L28+16
 312 0160 1D55     		strb	r5, [r3, r4]
 313              		.loc 1 127 0
 314 0162 0B4B     		ldr	r3, .L28
 315 0164 1C60     		str	r4, [r3]
 316 0166 03E0     		b	.L24
 317              	.L22:
 318              		.loc 1 131 0
 319 0168 0123     		mov	r3, #1
 320 016a 1370     		strb	r3, [r2]
 321              		.loc 1 132 0
 322 016c 0D4B     		ldr	r3, .L28+20
ARM GAS  /cygdrive/d/DOCUME~1/rshilkr/LOCALS~1/Temp/ccW7AWoL.s 			page 11


 323 016e 1D60     		str	r5, [r3]
 324              	.L24:
 325              		.loc 1 136 0
 326 0170 FFF7FEFF 		bl	disIrq
 327              		.loc 1 138 0
 328 0174 0849     		ldr	r1, .L28+8
 329              		.loc 1 136 0
 330 0176 0090     		str	r0, [sp]
 331              	.LVL23:
 332              		.loc 1 138 0
 333 0178 0B68     		ldr	r3, [r1]
 334 017a 0222     		mov	r2, #2
 335 017c 1343     		orr	r3, r3, r2
 336 017e 0B60     		str	r3, [r1]
 337              		.loc 1 141 0
 338 0180 0098     		ldr	r0, [sp]
 339 0182 FFF7FEFF 		bl	restoreIrq
 340              		.loc 1 142 0
 341 0186 01B0     		add	sp, sp, #4
 342              		@ sp needed for prologue
 343              	.LVL24:
 344              	.LVL25:
 345 0188 30BC     		pop	{r4, r5}
 346 018a 01BC     		pop	{r0}
 347 018c 0047     		bx	r0
 348              	.L29:
 349 018e C046     		.align	2
 350              	.L28:
 351 0190 00000000 		.word	uart1TxHead
 352 0194 00000000 		.word	uart1TxTail
 353 0198 040001E0 		.word	-536805372
 354 019c 00000000 		.word	uart1TxRunning
 355 01a0 00000000 		.word	uart1TxBuf
 356 01a4 000001E0 		.word	-536805376
 357              	.LFE3:
 358              		.size	uart1SendChar, .-uart1SendChar
 359              		.align	2
 360              		.global	uart1SendChars
 361              		.code 16
 362              		.thumb_func
 363              		.type	uart1SendChars, %function
 364              	uart1SendChars:
 365              	.LFB6:
 366              		.loc 1 192 0
 367 01a8 30B5     		push	{r4, r5, lr}
 368              	.LCFI6:
 369              	.LVL26:
 370              		.loc 1 192 0
 371 01aa 0904     		lsl	r1, r1, #16
 372              	.LVL27:
 373 01ac 051C     		mov	r5, r0
 374 01ae 0C0C     		lsr	r4, r1, #16
 375              	.LVL28:
 376 01b0 03E0     		b	.L31
 377              	.LVL29:
 378              	.L32:
 379              		.loc 1 194 0
ARM GAS  /cygdrive/d/DOCUME~1/rshilkr/LOCALS~1/Temp/ccW7AWoL.s 			page 12


 380 01b2 2878     		ldrb	r0, [r5]
 381 01b4 0135     		add	r5, r5, #1
 382 01b6 FFF7FEFF 		bl	uart1SendChar
 383              	.LVL30:
 384              	.L31:
 385              		.loc 1 193 0
 386 01ba 631E     		sub	r3, r4, #1
 387 01bc 1B04     		lsl	r3, r3, #16
 388 01be 1C0C     		lsr	r4, r3, #16
 389 01c0 024B     		ldr	r3, .L35
 390 01c2 9C42     		cmp	r4, r3
 391 01c4 F5D1     		bne	.L32
 392              		.loc 1 195 0
 393              		@ sp needed for prologue
 394              	.LVL31:
 395              	.LVL32:
 396 01c6 30BC     		pop	{r4, r5}
 397 01c8 01BC     		pop	{r0}
 398 01ca 0047     		bx	r0
 399              	.L36:
 400              		.align	2
 401              	.L35:
 402 01cc FFFF0000 		.word	65535
 403              	.LFE6:
 404              		.size	uart1SendChars, .-uart1SendChars
 405              		.align	2
 406              		.global	uart1SendCh
 407              		.code 16
 408              		.thumb_func
 409              		.type	uart1SendCh, %function
 410              	uart1SendCh:
 411              	.LFB4:
 412              		.loc 1 156 0
 413 01d0 10B5     		push	{r4, lr}
 414              	.LCFI7:
 415              	.LVL33:
 416              		.loc 1 156 0
 417 01d2 0006     		lsl	r0, r0, #24
 418              	.LVL34:
 419 01d4 040E     		lsr	r4, r0, #24
 420              	.LVL35:
 421              		.loc 1 157 0
 422 01d6 0A2C     		cmp	r4, #10
 423 01d8 02D1     		bne	.L38
 424              		.loc 1 158 0
 425 01da 0D20     		mov	r0, #13
 426 01dc FFF7FEFF 		bl	uart1SendChar
 427              	.L38:
 428              		.loc 1 160 0
 429 01e0 201C     		mov	r0, r4
 430 01e2 FFF7FEFF 		bl	uart1SendChar
 431              		.loc 1 161 0
 432              		@ sp needed for prologue
 433              	.LVL36:
 434 01e6 10BC     		pop	{r4}
 435 01e8 01BC     		pop	{r0}
 436 01ea 0047     		bx	r0
ARM GAS  /cygdrive/d/DOCUME~1/rshilkr/LOCALS~1/Temp/ccW7AWoL.s 			page 13


 437              	.LFE4:
 438              		.size	uart1SendCh, .-uart1SendCh
 439              		.align	2
 440              		.global	uart1SendString
 441              		.code 16
 442              		.thumb_func
 443              		.type	uart1SendString, %function
 444              	uart1SendString:
 445              	.LFB5:
 446              		.loc 1 175 0
 447 01ec 10B5     		push	{r4, lr}
 448              	.LCFI8:
 449              	.LVL37:
 450              		.loc 1 175 0
 451 01ee 041C     		mov	r4, r0
 452 01f0 02E0     		b	.L42
 453              	.LVL38:
 454              	.L43:
 455              		.loc 1 177 0
 456 01f2 0134     		add	r4, r4, #1
 457 01f4 FFF7FEFF 		bl	uart1SendCh
 458              	.LVL39:
 459              	.L42:
 460              		.loc 1 176 0
 461 01f8 2078     		ldrb	r0, [r4]
 462 01fa 0028     		cmp	r0, #0
 463 01fc F9D1     		bne	.L43
 464              		.loc 1 178 0
 465              		@ sp needed for prologue
 466              	.LVL40:
 467 01fe 10BC     		pop	{r4}
 468 0200 01BC     		pop	{r0}
 469 0202 0047     		bx	r0
 470              	.LFE5:
 471              		.size	uart1SendString, .-uart1SendString
 472              		.global	uart1TxHead
 473              		.bss
 474              		.align	2
 475              		.type	uart1TxHead, %object
 476              		.size	uart1TxHead, 4
 477              	uart1TxHead:
 478 0000 00000000 		.space	4
 479              		.global	uart1TxTail
 480              		.align	2
 481              		.type	uart1TxTail, %object
 482              		.size	uart1TxTail, 4
 483              	uart1TxTail:
 484 0004 00000000 		.space	4
 485              		.global	uart1TxRunning
 486              		.type	uart1TxRunning, %object
 487              		.size	uart1TxRunning, 1
 488              	uart1TxRunning:
 489 0008 00       		.space	1
 490              		.global	uart1RxHead
 491 0009 000000   		.align	2
 492              		.type	uart1RxHead, %object
 493              		.size	uart1RxHead, 4
ARM GAS  /cygdrive/d/DOCUME~1/rshilkr/LOCALS~1/Temp/ccW7AWoL.s 			page 14


 494              	uart1RxHead:
 495 000c 00000000 		.space	4
 496              		.global	uart1RxTail
 497              		.align	2
 498              		.type	uart1RxTail, %object
 499              		.size	uart1RxTail, 4
 500              	uart1RxTail:
 501 0010 00000000 		.space	4
 502              		.comm	uart1TxBuf,64,1
 503              		.comm	uart1RxBuf,64,1
 504              		.section	.debug_frame,"",%progbits
 505              	.Lframe0:
 506 0000 0C000000 		.4byte	.LECIE0-.LSCIE0
 507              	.LSCIE0:
 508 0004 FFFFFFFF 		.4byte	0xffffffff
 509 0008 01       		.byte	0x1
 510 0009 00       		.ascii	"\000"
 511 000a 01       		.uleb128 0x1
 512 000b 7C       		.sleb128 -4
 513 000c 0E       		.byte	0xe
 514 000d 0C       		.byte	0xc
 515 000e 0D       		.uleb128 0xd
 516 000f 00       		.uleb128 0x0
 517              		.align	2
 518              	.LECIE0:
 519              	.LSFDE0:
 520 0010 1C000000 		.4byte	.LEFDE0-.LASFDE0
 521              	.LASFDE0:
 522 0014 00000000 		.4byte	.Lframe0
 523 0018 00000000 		.4byte	.LFB2
 524 001c D8000000 		.4byte	.LFE2-.LFB2
 525 0020 42       		.byte	0x4
 526              		.4byte	.LCFI0-.LFB2
 527 0021 0E       		.byte	0xe
 528 0022 14       		.uleb128 0x14
 529 0023 84       		.byte	0x84
 530 0024 05       		.uleb128 0x5
 531 0025 85       		.byte	0x85
 532 0026 04       		.uleb128 0x4
 533 0027 86       		.byte	0x86
 534 0028 03       		.uleb128 0x3
 535 0029 87       		.byte	0x87
 536 002a 02       		.uleb128 0x2
 537 002b 8E       		.byte	0x8e
 538 002c 01       		.uleb128 0x1
 539 002d 54       		.byte	0x4
 540              		.4byte	.LCFI1-.LCFI0
 541 002e 0E       		.byte	0xe
 542 002f 20       		.uleb128 0x20
 543              		.align	2
 544              	.LEFDE0:
 545              	.LSFDE2:
 546 0030 0C000000 		.4byte	.LEFDE2-.LASFDE2
 547              	.LASFDE2:
 548 0034 00000000 		.4byte	.Lframe0
 549 0038 D8000000 		.4byte	.LFB8
 550 003c 30000000 		.4byte	.LFE8-.LFB8
ARM GAS  /cygdrive/d/DOCUME~1/rshilkr/LOCALS~1/Temp/ccW7AWoL.s 			page 15


 551              		.align	2
 552              	.LEFDE2:
 553              	.LSFDE4:
 554 0040 18000000 		.4byte	.LEFDE4-.LASFDE4
 555              	.LASFDE4:
 556 0044 00000000 		.4byte	.Lframe0
 557 0048 08010000 		.4byte	.LFB7
 558 004c 1C000000 		.4byte	.LFE7-.LFB7
 559 0050 42       		.byte	0x4
 560              		.4byte	.LCFI2-.LFB7
 561 0051 0E       		.byte	0xe
 562 0052 08       		.uleb128 0x8
 563 0053 84       		.byte	0x84
 564 0054 02       		.uleb128 0x2
 565 0055 8E       		.byte	0x8e
 566 0056 01       		.uleb128 0x1
 567 0057 42       		.byte	0x4
 568              		.4byte	.LCFI3-.LCFI2
 569 0058 0E       		.byte	0xe
 570 0059 0C       		.uleb128 0xc
 571 005a 0000     		.align	2
 572              	.LEFDE4:
 573              	.LSFDE6:
 574 005c 18000000 		.4byte	.LEFDE6-.LASFDE6
 575              	.LASFDE6:
 576 0060 00000000 		.4byte	.Lframe0
 577 0064 24010000 		.4byte	.LFB3
 578 0068 84000000 		.4byte	.LFE3-.LFB3
 579 006c 42       		.byte	0x4
 580              		.4byte	.LCFI4-.LFB3
 581 006d 0E       		.byte	0xe
 582 006e 0C       		.uleb128 0xc
 583 006f 84       		.byte	0x84
 584 0070 03       		.uleb128 0x3
 585 0071 85       		.byte	0x85
 586 0072 02       		.uleb128 0x2
 587 0073 8E       		.byte	0x8e
 588 0074 01       		.uleb128 0x1
 589 0075 4E       		.byte	0x4
 590              		.4byte	.LCFI5-.LCFI4
 591 0076 0E       		.byte	0xe
 592 0077 10       		.uleb128 0x10
 593              		.align	2
 594              	.LEFDE6:
 595              	.LSFDE8:
 596 0078 18000000 		.4byte	.LEFDE8-.LASFDE8
 597              	.LASFDE8:
 598 007c 00000000 		.4byte	.Lframe0
 599 0080 A8010000 		.4byte	.LFB6
 600 0084 28000000 		.4byte	.LFE6-.LFB6
 601 0088 42       		.byte	0x4
 602              		.4byte	.LCFI6-.LFB6
 603 0089 0E       		.byte	0xe
 604 008a 0C       		.uleb128 0xc
 605 008b 84       		.byte	0x84
 606 008c 03       		.uleb128 0x3
 607 008d 85       		.byte	0x85
ARM GAS  /cygdrive/d/DOCUME~1/rshilkr/LOCALS~1/Temp/ccW7AWoL.s 			page 16


 608 008e 02       		.uleb128 0x2
 609 008f 8E       		.byte	0x8e
 610 0090 01       		.uleb128 0x1
 611 0091 000000   		.align	2
 612              	.LEFDE8:
 613              	.LSFDE10:
 614 0094 14000000 		.4byte	.LEFDE10-.LASFDE10
 615              	.LASFDE10:
 616 0098 00000000 		.4byte	.Lframe0
 617 009c D0010000 		.4byte	.LFB4
 618 00a0 1C000000 		.4byte	.LFE4-.LFB4
 619 00a4 42       		.byte	0x4
 620              		.4byte	.LCFI7-.LFB4
 621 00a5 0E       		.byte	0xe
 622 00a6 08       		.uleb128 0x8
 623 00a7 84       		.byte	0x84
 624 00a8 02       		.uleb128 0x2
 625 00a9 8E       		.byte	0x8e
 626 00aa 01       		.uleb128 0x1
 627 00ab 00       		.align	2
 628              	.LEFDE10:
 629              	.LSFDE12:
 630 00ac 14000000 		.4byte	.LEFDE12-.LASFDE12
 631              	.LASFDE12:
 632 00b0 00000000 		.4byte	.Lframe0
 633 00b4 EC010000 		.4byte	.LFB5
 634 00b8 18000000 		.4byte	.LFE5-.LFB5
 635 00bc 42       		.byte	0x4
 636              		.4byte	.LCFI8-.LFB5
 637 00bd 0E       		.byte	0xe
 638 00be 08       		.uleb128 0x8
 639 00bf 84       		.byte	0x84
 640 00c0 02       		.uleb128 0x2
 641 00c1 8E       		.byte	0x8e
 642 00c2 01       		.uleb128 0x1
 643 00c3 00       		.align	2
 644              	.LEFDE12:
 645              		.text
 646              	.Letext0:
 647              		.section	.debug_loc,"",%progbits
 648              	.Ldebug_loc0:
 649              	.LLST0:
 650 0000 00000000 		.4byte	.LFB2-.Ltext0
 651 0004 02000000 		.4byte	.LCFI0-.Ltext0
 652 0008 0100     		.2byte	0x1
 653 000a 5D       		.byte	0x5d
 654 000b 02000000 		.4byte	.LCFI0-.Ltext0
 655 000f 16000000 		.4byte	.LCFI1-.Ltext0
 656 0013 0200     		.2byte	0x2
 657 0015 7D       		.byte	0x7d
 658 0016 14       		.sleb128 20
 659 0017 16000000 		.4byte	.LCFI1-.Ltext0
 660 001b D8000000 		.4byte	.LFE2-.Ltext0
 661 001f 0200     		.2byte	0x2
 662 0021 7D       		.byte	0x7d
 663 0022 20       		.sleb128 32
 664 0023 00000000 		.4byte	0x0
ARM GAS  /cygdrive/d/DOCUME~1/rshilkr/LOCALS~1/Temp/ccW7AWoL.s 			page 17


 665 0027 00000000 		.4byte	0x0
 666              	.LLST1:
 667 002b 02000000 		.4byte	.LVL0-.Ltext0
 668 002f 34000000 		.4byte	.LVL5-.Ltext0
 669 0033 0100     		.2byte	0x1
 670 0035 50       		.byte	0x50
 671 0036 00000000 		.4byte	0x0
 672 003a 00000000 		.4byte	0x0
 673              	.LLST2:
 674 003e 02000000 		.4byte	.LVL0-.Ltext0
 675 0042 42000000 		.4byte	.LVL7-.Ltext0
 676 0046 0100     		.2byte	0x1
 677 0048 51       		.byte	0x51
 678 0049 46000000 		.4byte	.LVL8-.Ltext0
 679 004d 4E000000 		.4byte	.LVL9-.Ltext0
 680 0051 0100     		.2byte	0x1
 681 0053 51       		.byte	0x51
 682 0054 00000000 		.4byte	0x0
 683 0058 00000000 		.4byte	0x0
 684              	.LLST3:
 685 005c 02000000 		.4byte	.LVL0-.Ltext0
 686 0060 12000000 		.4byte	.LVL1-.Ltext0
 687 0064 0100     		.2byte	0x1
 688 0066 52       		.byte	0x52
 689 0067 1E000000 		.4byte	.LVL2-.Ltext0
 690 006b D8000000 		.4byte	.LFE2-.Ltext0
 691 006f 0200     		.2byte	0x2
 692 0071 91       		.byte	0x91
 693 0072 74       		.sleb128 -12
 694 0073 00000000 		.4byte	0x0
 695 0077 00000000 		.4byte	0x0
 696              	.LLST5:
 697 007b D8000000 		.4byte	.LVL10-.Ltext0
 698 007f E6000000 		.4byte	.LVL11-.Ltext0
 699 0083 0100     		.2byte	0x1
 700 0085 50       		.byte	0x50
 701 0086 E8000000 		.4byte	.LVL12-.Ltext0
 702 008a FA000000 		.4byte	.LVL15-.Ltext0
 703 008e 0100     		.2byte	0x1
 704 0090 50       		.byte	0x50
 705 0091 00000000 		.4byte	0x0
 706 0095 00000000 		.4byte	0x0
 707              	.LLST6:
 708 0099 F0000000 		.4byte	.LVL13-.Ltext0
 709 009d F6000000 		.4byte	.LVL14-.Ltext0
 710 00a1 0100     		.2byte	0x1
 711 00a3 53       		.byte	0x53
 712 00a4 00000000 		.4byte	0x0
 713 00a8 00000000 		.4byte	0x0
 714              	.LLST7:
 715 00ac 08010000 		.4byte	.LFB7-.Ltext0
 716 00b0 0A010000 		.4byte	.LCFI2-.Ltext0
 717 00b4 0100     		.2byte	0x1
 718 00b6 5D       		.byte	0x5d
 719 00b7 0A010000 		.4byte	.LCFI2-.Ltext0
 720 00bb 0C010000 		.4byte	.LCFI3-.Ltext0
 721 00bf 0200     		.2byte	0x2
ARM GAS  /cygdrive/d/DOCUME~1/rshilkr/LOCALS~1/Temp/ccW7AWoL.s 			page 18


 722 00c1 7D       		.byte	0x7d
 723 00c2 08       		.sleb128 8
 724 00c3 0C010000 		.4byte	.LCFI3-.Ltext0
 725 00c7 24010000 		.4byte	.LFE7-.Ltext0
 726 00cb 0200     		.2byte	0x2
 727 00cd 7D       		.byte	0x7d
 728 00ce 0C       		.sleb128 12
 729 00cf 00000000 		.4byte	0x0
 730 00d3 00000000 		.4byte	0x0
 731              	.LLST8:
 732 00d7 1C010000 		.4byte	.LVL16-.Ltext0
 733 00db 1C010000 		.4byte	.LVL16-.Ltext0
 734 00df 0200     		.2byte	0x2
 735 00e1 74       		.byte	0x74
 736 00e2 00       		.sleb128 0
 737 00e3 1C010000 		.4byte	.LVL16-.Ltext0
 738 00e7 1C010000 		.4byte	.LVL17-.Ltext0
 739 00eb 0100     		.2byte	0x1
 740 00ed 50       		.byte	0x50
 741 00ee 00000000 		.4byte	0x0
 742 00f2 00000000 		.4byte	0x0
 743              	.LLST9:
 744 00f6 24010000 		.4byte	.LFB3-.Ltext0
 745 00fa 26010000 		.4byte	.LCFI4-.Ltext0
 746 00fe 0100     		.2byte	0x1
 747 0100 5D       		.byte	0x5d
 748 0101 26010000 		.4byte	.LCFI4-.Ltext0
 749 0105 34010000 		.4byte	.LCFI5-.Ltext0
 750 0109 0200     		.2byte	0x2
 751 010b 7D       		.byte	0x7d
 752 010c 0C       		.sleb128 12
 753 010d 34010000 		.4byte	.LCFI5-.Ltext0
 754 0111 A8010000 		.4byte	.LFE3-.Ltext0
 755 0115 0200     		.2byte	0x2
 756 0117 7D       		.byte	0x7d
 757 0118 10       		.sleb128 16
 758 0119 00000000 		.4byte	0x0
 759 011d 00000000 		.4byte	0x0
 760              	.LLST10:
 761 0121 26010000 		.4byte	.LVL18-.Ltext0
 762 0125 2E010000 		.4byte	.LVL19-.Ltext0
 763 0129 0100     		.2byte	0x1
 764 012b 50       		.byte	0x50
 765 012c 36010000 		.4byte	.LVL21-.Ltext0
 766 0130 88010000 		.4byte	.LVL25-.Ltext0
 767 0134 0100     		.2byte	0x1
 768 0136 55       		.byte	0x55
 769 0137 00000000 		.4byte	0x0
 770 013b 00000000 		.4byte	0x0
 771              	.LLST11:
 772 013f 32010000 		.4byte	.LVL20-.Ltext0
 773 0143 88010000 		.4byte	.LVL24-.Ltext0
 774 0147 0100     		.2byte	0x1
 775 0149 54       		.byte	0x54
 776 014a 00000000 		.4byte	0x0
 777 014e 00000000 		.4byte	0x0
 778              	.LLST12:
ARM GAS  /cygdrive/d/DOCUME~1/rshilkr/LOCALS~1/Temp/ccW7AWoL.s 			page 19


 779 0152 A8010000 		.4byte	.LFB6-.Ltext0
 780 0156 AA010000 		.4byte	.LCFI6-.Ltext0
 781 015a 0100     		.2byte	0x1
 782 015c 5D       		.byte	0x5d
 783 015d AA010000 		.4byte	.LCFI6-.Ltext0
 784 0161 D0010000 		.4byte	.LFE6-.Ltext0
 785 0165 0200     		.2byte	0x2
 786 0167 7D       		.byte	0x7d
 787 0168 0C       		.sleb128 12
 788 0169 00000000 		.4byte	0x0
 789 016d 00000000 		.4byte	0x0
 790              	.LLST13:
 791 0171 AA010000 		.4byte	.LVL26-.Ltext0
 792 0175 B2010000 		.4byte	.LVL29-.Ltext0
 793 0179 0100     		.2byte	0x1
 794 017b 50       		.byte	0x50
 795 017c B2010000 		.4byte	.LVL29-.Ltext0
 796 0180 C6010000 		.4byte	.LVL32-.Ltext0
 797 0184 0100     		.2byte	0x1
 798 0186 55       		.byte	0x55
 799 0187 C6010000 		.4byte	.LVL32-.Ltext0
 800 018b D0010000 		.4byte	.LFE6-.Ltext0
 801 018f 0100     		.2byte	0x1
 802 0191 50       		.byte	0x50
 803 0192 00000000 		.4byte	0x0
 804 0196 00000000 		.4byte	0x0
 805              	.LLST14:
 806 019a AA010000 		.4byte	.LVL26-.Ltext0
 807 019e AC010000 		.4byte	.LVL27-.Ltext0
 808 01a2 0100     		.2byte	0x1
 809 01a4 51       		.byte	0x51
 810 01a5 B0010000 		.4byte	.LVL28-.Ltext0
 811 01a9 C6010000 		.4byte	.LVL31-.Ltext0
 812 01ad 0100     		.2byte	0x1
 813 01af 54       		.byte	0x54
 814 01b0 00000000 		.4byte	0x0
 815 01b4 00000000 		.4byte	0x0
 816              	.LLST15:
 817 01b8 D0010000 		.4byte	.LFB4-.Ltext0
 818 01bc D2010000 		.4byte	.LCFI7-.Ltext0
 819 01c0 0100     		.2byte	0x1
 820 01c2 5D       		.byte	0x5d
 821 01c3 D2010000 		.4byte	.LCFI7-.Ltext0
 822 01c7 EC010000 		.4byte	.LFE4-.Ltext0
 823 01cb 0200     		.2byte	0x2
 824 01cd 7D       		.byte	0x7d
 825 01ce 08       		.sleb128 8
 826 01cf 00000000 		.4byte	0x0
 827 01d3 00000000 		.4byte	0x0
 828              	.LLST16:
 829 01d7 D2010000 		.4byte	.LVL33-.Ltext0
 830 01db D4010000 		.4byte	.LVL34-.Ltext0
 831 01df 0100     		.2byte	0x1
 832 01e1 50       		.byte	0x50
 833 01e2 D6010000 		.4byte	.LVL35-.Ltext0
 834 01e6 E6010000 		.4byte	.LVL36-.Ltext0
 835 01ea 0100     		.2byte	0x1
ARM GAS  /cygdrive/d/DOCUME~1/rshilkr/LOCALS~1/Temp/ccW7AWoL.s 			page 20


 836 01ec 54       		.byte	0x54
 837 01ed 00000000 		.4byte	0x0
 838 01f1 00000000 		.4byte	0x0
 839              	.LLST17:
 840 01f5 EC010000 		.4byte	.LFB5-.Ltext0
 841 01f9 EE010000 		.4byte	.LCFI8-.Ltext0
 842 01fd 0100     		.2byte	0x1
 843 01ff 5D       		.byte	0x5d
 844 0200 EE010000 		.4byte	.LCFI8-.Ltext0
 845 0204 04020000 		.4byte	.LFE5-.Ltext0
 846 0208 0200     		.2byte	0x2
 847 020a 7D       		.byte	0x7d
 848 020b 08       		.sleb128 8
 849 020c 00000000 		.4byte	0x0
 850 0210 00000000 		.4byte	0x0
 851              	.LLST18:
 852 0214 EE010000 		.4byte	.LVL37-.Ltext0
 853 0218 F2010000 		.4byte	.LVL38-.Ltext0
 854 021c 0100     		.2byte	0x1
 855 021e 50       		.byte	0x50
 856 021f F2010000 		.4byte	.LVL38-.Ltext0
 857 0223 FE010000 		.4byte	.LVL40-.Ltext0
 858 0227 0100     		.2byte	0x1
 859 0229 54       		.byte	0x54
 860 022a 00000000 		.4byte	0x0
 861 022e 00000000 		.4byte	0x0
 862              		.file 2 "../pre_emptive_os/api/general.h"
 863              		.section	.debug_info
 864 0000 A7020000 		.4byte	0x2a7
 865 0004 0200     		.2byte	0x2
 866 0006 00000000 		.4byte	.Ldebug_abbrev0
 867 000a 04       		.byte	0x4
 868 000b 01       		.uleb128 0x1
 869 000c AF000000 		.4byte	.LASF35
 870 0010 01       		.byte	0x1
 871 0011 49010000 		.4byte	.LASF36
 872 0015 21000000 		.4byte	.LASF37
 873 0019 00000000 		.4byte	.Ltext0
 874 001d 04020000 		.4byte	.Letext0
 875 0021 00000000 		.4byte	.Ldebug_line0
 876 0025 02       		.uleb128 0x2
 877 0026 74553800 		.ascii	"tU8\000"
 878 002a 02       		.byte	0x2
 879 002b 47       		.byte	0x47
 880 002c 30000000 		.4byte	0x30
 881 0030 03       		.uleb128 0x3
 882 0031 01       		.byte	0x1
 883 0032 08       		.byte	0x8
 884 0033 06010000 		.4byte	.LASF1
 885 0037 04       		.uleb128 0x4
 886 0038 83010000 		.4byte	.LASF0
 887 003c 02       		.byte	0x2
 888 003d 48       		.byte	0x48
 889 003e 42000000 		.4byte	0x42
 890 0042 03       		.uleb128 0x3
 891 0043 02       		.byte	0x2
 892 0044 07       		.byte	0x7
ARM GAS  /cygdrive/d/DOCUME~1/rshilkr/LOCALS~1/Temp/ccW7AWoL.s 			page 21


 893 0045 64010000 		.4byte	.LASF2
 894 0049 04       		.uleb128 0x4
 895 004a C6010000 		.4byte	.LASF3
 896 004e 02       		.byte	0x2
 897 004f 49       		.byte	0x49
 898 0050 54000000 		.4byte	0x54
 899 0054 03       		.uleb128 0x3
 900 0055 04       		.byte	0x4
 901 0056 07       		.byte	0x7
 902 0057 14000000 		.4byte	.LASF4
 903 005b 03       		.uleb128 0x3
 904 005c 01       		.byte	0x1
 905 005d 06       		.byte	0x6
 906 005e 77010000 		.4byte	.LASF5
 907 0062 03       		.uleb128 0x3
 908 0063 02       		.byte	0x2
 909 0064 05       		.byte	0x5
 910 0065 88010000 		.4byte	.LASF6
 911 0069 05       		.uleb128 0x5
 912 006a 04       		.byte	0x4
 913 006b 05       		.byte	0x5
 914 006c 696E7400 		.ascii	"int\000"
 915 0070 06       		.uleb128 0x6
 916 0071 01       		.byte	0x1
 917 0072 0A000000 		.4byte	.LASF16
 918 0076 01       		.byte	0x1
 919 0077 36       		.byte	0x36
 920 0078 01       		.byte	0x1
 921 0079 00000000 		.4byte	.LFB2
 922 007d D8000000 		.4byte	.LFE2
 923 0081 00000000 		.4byte	.LLST0
 924 0085 C5000000 		.4byte	0xc5
 925 0089 07       		.uleb128 0x7
 926 008a 98000000 		.4byte	.LASF7
 927 008e 01       		.byte	0x1
 928 008f 35       		.byte	0x35
 929 0090 37000000 		.4byte	0x37
 930 0094 2B000000 		.4byte	.LLST1
 931 0098 07       		.uleb128 0x7
 932 0099 79000000 		.4byte	.LASF8
 933 009d 01       		.byte	0x1
 934 009e 35       		.byte	0x35
 935 009f 25000000 		.4byte	0x25
 936 00a3 3E000000 		.4byte	.LLST2
 937 00a7 07       		.uleb128 0x7
 938 00a8 00000000 		.4byte	.LASF9
 939 00ac 01       		.byte	0x1
 940 00ad 35       		.byte	0x35
 941 00ae 25000000 		.4byte	0x25
 942 00b2 5C000000 		.4byte	.LLST3
 943 00b6 08       		.uleb128 0x8
 944 00b7 BB000000 		.4byte	.LASF11
 945 00bb 01       		.byte	0x1
 946 00bc 37       		.byte	0x37
 947 00bd C5000000 		.4byte	0xc5
 948 00c1 02       		.byte	0x2
 949 00c2 91       		.byte	0x91
ARM GAS  /cygdrive/d/DOCUME~1/rshilkr/LOCALS~1/Temp/ccW7AWoL.s 			page 22


 950 00c3 7C       		.sleb128 -4
 951 00c4 00       		.byte	0x0
 952 00c5 09       		.uleb128 0x9
 953 00c6 49000000 		.4byte	0x49
 954 00ca 0A       		.uleb128 0xa
 955 00cb 01       		.byte	0x1
 956 00cc 92010000 		.4byte	.LASF13
 957 00d0 01       		.byte	0x1
 958 00d1 E8       		.byte	0xe8
 959 00d2 01       		.byte	0x1
 960 00d3 25000000 		.4byte	0x25
 961 00d7 D8000000 		.4byte	.LFB8
 962 00db 08010000 		.4byte	.LFE8
 963 00df 01       		.byte	0x1
 964 00e0 5D       		.byte	0x5d
 965 00e1 04010000 		.4byte	0x104
 966 00e5 07       		.uleb128 0x7
 967 00e6 DB000000 		.4byte	.LASF10
 968 00ea 01       		.byte	0x1
 969 00eb E7       		.byte	0xe7
 970 00ec 04010000 		.4byte	0x104
 971 00f0 7B000000 		.4byte	.LLST5
 972 00f4 0B       		.uleb128 0xb
 973 00f5 EB000000 		.4byte	.LASF12
 974 00f9 01       		.byte	0x1
 975 00fa E9       		.byte	0xe9
 976 00fb 49000000 		.4byte	0x49
 977 00ff 99000000 		.4byte	.LLST6
 978 0103 00       		.byte	0x0
 979 0104 0C       		.uleb128 0xc
 980 0105 04       		.byte	0x4
 981 0106 25000000 		.4byte	0x25
 982 010a 0D       		.uleb128 0xd
 983 010b 01       		.byte	0x1
 984 010c 59010000 		.4byte	.LASF14
 985 0110 01       		.byte	0x1
 986 0111 D0       		.byte	0xd0
 987 0112 01       		.byte	0x1
 988 0113 25000000 		.4byte	0x25
 989 0117 08010000 		.4byte	.LFB7
 990 011b 24010000 		.4byte	.LFE7
 991 011f AC000000 		.4byte	.LLST7
 992 0123 37010000 		.4byte	0x137
 993 0127 0B       		.uleb128 0xb
 994 0128 FF000000 		.4byte	.LASF15
 995 012c 01       		.byte	0x1
 996 012d D1       		.byte	0xd1
 997 012e 25000000 		.4byte	0x25
 998 0132 D7000000 		.4byte	.LLST8
 999 0136 00       		.byte	0x0
 1000 0137 06       		.uleb128 0x6
 1001 0138 01       		.byte	0x1
 1002 0139 C1000000 		.4byte	.LASF17
 1003 013d 01       		.byte	0x1
 1004 013e 69       		.byte	0x69
 1005 013f 01       		.byte	0x1
 1006 0140 24010000 		.4byte	.LFB3
ARM GAS  /cygdrive/d/DOCUME~1/rshilkr/LOCALS~1/Temp/ccW7AWoL.s 			page 23


 1007 0144 A8010000 		.4byte	.LFE3
 1008 0148 F6000000 		.4byte	.LLST9
 1009 014c 7D010000 		.4byte	0x17d
 1010 0150 07       		.uleb128 0x7
 1011 0151 8D000000 		.4byte	.LASF18
 1012 0155 01       		.byte	0x1
 1013 0156 68       		.byte	0x68
 1014 0157 25000000 		.4byte	0x25
 1015 015b 21010000 		.4byte	.LLST10
 1016 015f 08       		.uleb128 0x8
 1017 0160 41010000 		.4byte	.LASF19
 1018 0164 01       		.byte	0x1
 1019 0165 6A       		.byte	0x6a
 1020 0166 C5000000 		.4byte	0xc5
 1021 016a 02       		.byte	0x2
 1022 016b 91       		.byte	0x91
 1023 016c 7C       		.sleb128 -4
 1024 016d 0B       		.uleb128 0xb
 1025 016e E3000000 		.4byte	.LASF20
 1026 0172 01       		.byte	0x1
 1027 0173 6B       		.byte	0x6b
 1028 0174 49000000 		.4byte	0x49
 1029 0178 3F010000 		.4byte	.LLST11
 1030 017c 00       		.byte	0x0
 1031 017d 06       		.uleb128 0x6
 1032 017e 01       		.byte	0x1
 1033 017f 9F010000 		.4byte	.LASF21
 1034 0183 01       		.byte	0x1
 1035 0184 C0       		.byte	0xc0
 1036 0185 01       		.byte	0x1
 1037 0186 A8010000 		.4byte	.LFB6
 1038 018a D0010000 		.4byte	.LFE6
 1039 018e 52010000 		.4byte	.LLST12
 1040 0192 B5010000 		.4byte	0x1b5
 1041 0196 07       		.uleb128 0x7
 1042 0197 53010000 		.4byte	.LASF22
 1043 019b 01       		.byte	0x1
 1044 019c BF       		.byte	0xbf
 1045 019d B5010000 		.4byte	0x1b5
 1046 01a1 71010000 		.4byte	.LLST13
 1047 01a5 07       		.uleb128 0x7
 1048 01a6 24010000 		.4byte	.LASF23
 1049 01aa 01       		.byte	0x1
 1050 01ab BF       		.byte	0xbf
 1051 01ac 37000000 		.4byte	0x37
 1052 01b0 9A010000 		.4byte	.LLST14
 1053 01b4 00       		.byte	0x0
 1054 01b5 0C       		.uleb128 0xc
 1055 01b6 04       		.byte	0x4
 1056 01b7 BB010000 		.4byte	0x1bb
 1057 01bb 03       		.uleb128 0x3
 1058 01bc 01       		.byte	0x1
 1059 01bd 08       		.byte	0x8
 1060 01be 1F010000 		.4byte	.LASF24
 1061 01c2 06       		.uleb128 0x6
 1062 01c3 01       		.byte	0x1
 1063 01c4 F3000000 		.4byte	.LASF25
ARM GAS  /cygdrive/d/DOCUME~1/rshilkr/LOCALS~1/Temp/ccW7AWoL.s 			page 24


 1064 01c8 01       		.byte	0x1
 1065 01c9 9C       		.byte	0x9c
 1066 01ca 01       		.byte	0x1
 1067 01cb D0010000 		.4byte	.LFB4
 1068 01cf EC010000 		.4byte	.LFE4
 1069 01d3 B8010000 		.4byte	.LLST15
 1070 01d7 EB010000 		.4byte	0x1eb
 1071 01db 07       		.uleb128 0x7
 1072 01dc 8D000000 		.4byte	.LASF18
 1073 01e0 01       		.byte	0x1
 1074 01e1 9B       		.byte	0x9b
 1075 01e2 25000000 		.4byte	0x25
 1076 01e6 D7010000 		.4byte	.LLST16
 1077 01ea 00       		.byte	0x0
 1078 01eb 06       		.uleb128 0x6
 1079 01ec 01       		.byte	0x1
 1080 01ed AE010000 		.4byte	.LASF26
 1081 01f1 01       		.byte	0x1
 1082 01f2 AF       		.byte	0xaf
 1083 01f3 01       		.byte	0x1
 1084 01f4 EC010000 		.4byte	.LFB5
 1085 01f8 04020000 		.4byte	.LFE5
 1086 01fc F5010000 		.4byte	.LLST17
 1087 0200 14020000 		.4byte	0x214
 1088 0204 07       		.uleb128 0x7
 1089 0205 BE010000 		.4byte	.LASF27
 1090 0209 01       		.byte	0x1
 1091 020a AE       		.byte	0xae
 1092 020b 04010000 		.4byte	0x104
 1093 020f 14020000 		.4byte	.LLST18
 1094 0213 00       		.byte	0x0
 1095 0214 0E       		.uleb128 0xe
 1096 0215 25000000 		.4byte	0x25
 1097 0219 24020000 		.4byte	0x224
 1098 021d 0F       		.uleb128 0xf
 1099 021e 24020000 		.4byte	0x224
 1100 0222 3F       		.byte	0x3f
 1101 0223 00       		.byte	0x0
 1102 0224 10       		.uleb128 0x10
 1103 0225 04       		.byte	0x4
 1104 0226 07       		.byte	0x7
 1105 0227 11       		.uleb128 0x11
 1106 0228 2A010000 		.4byte	.LASF28
 1107 022c 01       		.byte	0x1
 1108 022d 1A       		.byte	0x1a
 1109 022e 14020000 		.4byte	0x214
 1110 0232 01       		.byte	0x1
 1111 0233 05       		.byte	0x5
 1112 0234 03       		.byte	0x3
 1113 0235 00000000 		.4byte	uart1TxBuf
 1114 0239 11       		.uleb128 0x11
 1115 023a CB010000 		.4byte	.LASF29
 1116 023e 01       		.byte	0x1
 1117 023f 1B       		.byte	0x1b
 1118 0240 C5000000 		.4byte	0xc5
 1119 0244 01       		.byte	0x1
 1120 0245 05       		.byte	0x5
ARM GAS  /cygdrive/d/DOCUME~1/rshilkr/LOCALS~1/Temp/ccW7AWoL.s 			page 25


 1121 0246 03       		.byte	0x3
 1122 0247 00000000 		.4byte	uart1TxHead
 1123 024b 11       		.uleb128 0x11
 1124 024c 35010000 		.4byte	.LASF30
 1125 0250 01       		.byte	0x1
 1126 0251 1C       		.byte	0x1c
 1127 0252 C5000000 		.4byte	0xc5
 1128 0256 01       		.byte	0x1
 1129 0257 05       		.byte	0x5
 1130 0258 03       		.byte	0x3
 1131 0259 00000000 		.4byte	uart1TxTail
 1132 025d 11       		.uleb128 0x11
 1133 025e 7E000000 		.4byte	.LASF31
 1134 0262 01       		.byte	0x1
 1135 0263 1D       		.byte	0x1d
 1136 0264 6F020000 		.4byte	0x26f
 1137 0268 01       		.byte	0x1
 1138 0269 05       		.byte	0x5
 1139 026a 03       		.byte	0x3
 1140 026b 00000000 		.4byte	uart1TxRunning
 1141 026f 09       		.uleb128 0x9
 1142 0270 25000000 		.4byte	0x25
 1143 0274 11       		.uleb128 0x11
 1144 0275 14010000 		.4byte	.LASF32
 1145 0279 01       		.byte	0x1
 1146 027a 1F       		.byte	0x1f
 1147 027b 14020000 		.4byte	0x214
 1148 027f 01       		.byte	0x1
 1149 0280 05       		.byte	0x5
 1150 0281 03       		.byte	0x3
 1151 0282 00000000 		.4byte	uart1RxBuf
 1152 0286 11       		.uleb128 0x11
 1153 0287 A3000000 		.4byte	.LASF33
 1154 028b 01       		.byte	0x1
 1155 028c 20       		.byte	0x20
 1156 028d C5000000 		.4byte	0xc5
 1157 0291 01       		.byte	0x1
 1158 0292 05       		.byte	0x5
 1159 0293 03       		.byte	0x3
 1160 0294 00000000 		.4byte	uart1RxHead
 1161 0298 11       		.uleb128 0x11
 1162 0299 CF000000 		.4byte	.LASF34
 1163 029d 01       		.byte	0x1
 1164 029e 21       		.byte	0x21
 1165 029f C5000000 		.4byte	0xc5
 1166 02a3 01       		.byte	0x1
 1167 02a4 05       		.byte	0x5
 1168 02a5 03       		.byte	0x3
 1169 02a6 00000000 		.4byte	uart1RxTail
 1170 02aa 00       		.byte	0x0
 1171              		.section	.debug_abbrev
 1172 0000 01       		.uleb128 0x1
 1173 0001 11       		.uleb128 0x11
 1174 0002 01       		.byte	0x1
 1175 0003 25       		.uleb128 0x25
 1176 0004 0E       		.uleb128 0xe
 1177 0005 13       		.uleb128 0x13
ARM GAS  /cygdrive/d/DOCUME~1/rshilkr/LOCALS~1/Temp/ccW7AWoL.s 			page 26


 1178 0006 0B       		.uleb128 0xb
 1179 0007 03       		.uleb128 0x3
 1180 0008 0E       		.uleb128 0xe
 1181 0009 1B       		.uleb128 0x1b
 1182 000a 0E       		.uleb128 0xe
 1183 000b 11       		.uleb128 0x11
 1184 000c 01       		.uleb128 0x1
 1185 000d 12       		.uleb128 0x12
 1186 000e 01       		.uleb128 0x1
 1187 000f 10       		.uleb128 0x10
 1188 0010 06       		.uleb128 0x6
 1189 0011 00       		.byte	0x0
 1190 0012 00       		.byte	0x0
 1191 0013 02       		.uleb128 0x2
 1192 0014 16       		.uleb128 0x16
 1193 0015 00       		.byte	0x0
 1194 0016 03       		.uleb128 0x3
 1195 0017 08       		.uleb128 0x8
 1196 0018 3A       		.uleb128 0x3a
 1197 0019 0B       		.uleb128 0xb
 1198 001a 3B       		.uleb128 0x3b
 1199 001b 0B       		.uleb128 0xb
 1200 001c 49       		.uleb128 0x49
 1201 001d 13       		.uleb128 0x13
 1202 001e 00       		.byte	0x0
 1203 001f 00       		.byte	0x0
 1204 0020 03       		.uleb128 0x3
 1205 0021 24       		.uleb128 0x24
 1206 0022 00       		.byte	0x0
 1207 0023 0B       		.uleb128 0xb
 1208 0024 0B       		.uleb128 0xb
 1209 0025 3E       		.uleb128 0x3e
 1210 0026 0B       		.uleb128 0xb
 1211 0027 03       		.uleb128 0x3
 1212 0028 0E       		.uleb128 0xe
 1213 0029 00       		.byte	0x0
 1214 002a 00       		.byte	0x0
 1215 002b 04       		.uleb128 0x4
 1216 002c 16       		.uleb128 0x16
 1217 002d 00       		.byte	0x0
 1218 002e 03       		.uleb128 0x3
 1219 002f 0E       		.uleb128 0xe
 1220 0030 3A       		.uleb128 0x3a
 1221 0031 0B       		.uleb128 0xb
 1222 0032 3B       		.uleb128 0x3b
 1223 0033 0B       		.uleb128 0xb
 1224 0034 49       		.uleb128 0x49
 1225 0035 13       		.uleb128 0x13
 1226 0036 00       		.byte	0x0
 1227 0037 00       		.byte	0x0
 1228 0038 05       		.uleb128 0x5
 1229 0039 24       		.uleb128 0x24
 1230 003a 00       		.byte	0x0
 1231 003b 0B       		.uleb128 0xb
 1232 003c 0B       		.uleb128 0xb
 1233 003d 3E       		.uleb128 0x3e
 1234 003e 0B       		.uleb128 0xb
ARM GAS  /cygdrive/d/DOCUME~1/rshilkr/LOCALS~1/Temp/ccW7AWoL.s 			page 27


 1235 003f 03       		.uleb128 0x3
 1236 0040 08       		.uleb128 0x8
 1237 0041 00       		.byte	0x0
 1238 0042 00       		.byte	0x0
 1239 0043 06       		.uleb128 0x6
 1240 0044 2E       		.uleb128 0x2e
 1241 0045 01       		.byte	0x1
 1242 0046 3F       		.uleb128 0x3f
 1243 0047 0C       		.uleb128 0xc
 1244 0048 03       		.uleb128 0x3
 1245 0049 0E       		.uleb128 0xe
 1246 004a 3A       		.uleb128 0x3a
 1247 004b 0B       		.uleb128 0xb
 1248 004c 3B       		.uleb128 0x3b
 1249 004d 0B       		.uleb128 0xb
 1250 004e 27       		.uleb128 0x27
 1251 004f 0C       		.uleb128 0xc
 1252 0050 11       		.uleb128 0x11
 1253 0051 01       		.uleb128 0x1
 1254 0052 12       		.uleb128 0x12
 1255 0053 01       		.uleb128 0x1
 1256 0054 40       		.uleb128 0x40
 1257 0055 06       		.uleb128 0x6
 1258 0056 01       		.uleb128 0x1
 1259 0057 13       		.uleb128 0x13
 1260 0058 00       		.byte	0x0
 1261 0059 00       		.byte	0x0
 1262 005a 07       		.uleb128 0x7
 1263 005b 05       		.uleb128 0x5
 1264 005c 00       		.byte	0x0
 1265 005d 03       		.uleb128 0x3
 1266 005e 0E       		.uleb128 0xe
 1267 005f 3A       		.uleb128 0x3a
 1268 0060 0B       		.uleb128 0xb
 1269 0061 3B       		.uleb128 0x3b
 1270 0062 0B       		.uleb128 0xb
 1271 0063 49       		.uleb128 0x49
 1272 0064 13       		.uleb128 0x13
 1273 0065 02       		.uleb128 0x2
 1274 0066 06       		.uleb128 0x6
 1275 0067 00       		.byte	0x0
 1276 0068 00       		.byte	0x0
 1277 0069 08       		.uleb128 0x8
 1278 006a 34       		.uleb128 0x34
 1279 006b 00       		.byte	0x0
 1280 006c 03       		.uleb128 0x3
 1281 006d 0E       		.uleb128 0xe
 1282 006e 3A       		.uleb128 0x3a
 1283 006f 0B       		.uleb128 0xb
 1284 0070 3B       		.uleb128 0x3b
 1285 0071 0B       		.uleb128 0xb
 1286 0072 49       		.uleb128 0x49
 1287 0073 13       		.uleb128 0x13
 1288 0074 02       		.uleb128 0x2
 1289 0075 0A       		.uleb128 0xa
 1290 0076 00       		.byte	0x0
 1291 0077 00       		.byte	0x0
ARM GAS  /cygdrive/d/DOCUME~1/rshilkr/LOCALS~1/Temp/ccW7AWoL.s 			page 28


 1292 0078 09       		.uleb128 0x9
 1293 0079 35       		.uleb128 0x35
 1294 007a 00       		.byte	0x0
 1295 007b 49       		.uleb128 0x49
 1296 007c 13       		.uleb128 0x13
 1297 007d 00       		.byte	0x0
 1298 007e 00       		.byte	0x0
 1299 007f 0A       		.uleb128 0xa
 1300 0080 2E       		.uleb128 0x2e
 1301 0081 01       		.byte	0x1
 1302 0082 3F       		.uleb128 0x3f
 1303 0083 0C       		.uleb128 0xc
 1304 0084 03       		.uleb128 0x3
 1305 0085 0E       		.uleb128 0xe
 1306 0086 3A       		.uleb128 0x3a
 1307 0087 0B       		.uleb128 0xb
 1308 0088 3B       		.uleb128 0x3b
 1309 0089 0B       		.uleb128 0xb
 1310 008a 27       		.uleb128 0x27
 1311 008b 0C       		.uleb128 0xc
 1312 008c 49       		.uleb128 0x49
 1313 008d 13       		.uleb128 0x13
 1314 008e 11       		.uleb128 0x11
 1315 008f 01       		.uleb128 0x1
 1316 0090 12       		.uleb128 0x12
 1317 0091 01       		.uleb128 0x1
 1318 0092 40       		.uleb128 0x40
 1319 0093 0A       		.uleb128 0xa
 1320 0094 01       		.uleb128 0x1
 1321 0095 13       		.uleb128 0x13
 1322 0096 00       		.byte	0x0
 1323 0097 00       		.byte	0x0
 1324 0098 0B       		.uleb128 0xb
 1325 0099 34       		.uleb128 0x34
 1326 009a 00       		.byte	0x0
 1327 009b 03       		.uleb128 0x3
 1328 009c 0E       		.uleb128 0xe
 1329 009d 3A       		.uleb128 0x3a
 1330 009e 0B       		.uleb128 0xb
 1331 009f 3B       		.uleb128 0x3b
 1332 00a0 0B       		.uleb128 0xb
 1333 00a1 49       		.uleb128 0x49
 1334 00a2 13       		.uleb128 0x13
 1335 00a3 02       		.uleb128 0x2
 1336 00a4 06       		.uleb128 0x6
 1337 00a5 00       		.byte	0x0
 1338 00a6 00       		.byte	0x0
 1339 00a7 0C       		.uleb128 0xc
 1340 00a8 0F       		.uleb128 0xf
 1341 00a9 00       		.byte	0x0
 1342 00aa 0B       		.uleb128 0xb
 1343 00ab 0B       		.uleb128 0xb
 1344 00ac 49       		.uleb128 0x49
 1345 00ad 13       		.uleb128 0x13
 1346 00ae 00       		.byte	0x0
 1347 00af 00       		.byte	0x0
 1348 00b0 0D       		.uleb128 0xd
ARM GAS  /cygdrive/d/DOCUME~1/rshilkr/LOCALS~1/Temp/ccW7AWoL.s 			page 29


 1349 00b1 2E       		.uleb128 0x2e
 1350 00b2 01       		.byte	0x1
 1351 00b3 3F       		.uleb128 0x3f
 1352 00b4 0C       		.uleb128 0xc
 1353 00b5 03       		.uleb128 0x3
 1354 00b6 0E       		.uleb128 0xe
 1355 00b7 3A       		.uleb128 0x3a
 1356 00b8 0B       		.uleb128 0xb
 1357 00b9 3B       		.uleb128 0x3b
 1358 00ba 0B       		.uleb128 0xb
 1359 00bb 27       		.uleb128 0x27
 1360 00bc 0C       		.uleb128 0xc
 1361 00bd 49       		.uleb128 0x49
 1362 00be 13       		.uleb128 0x13
 1363 00bf 11       		.uleb128 0x11
 1364 00c0 01       		.uleb128 0x1
 1365 00c1 12       		.uleb128 0x12
 1366 00c2 01       		.uleb128 0x1
 1367 00c3 40       		.uleb128 0x40
 1368 00c4 06       		.uleb128 0x6
 1369 00c5 01       		.uleb128 0x1
 1370 00c6 13       		.uleb128 0x13
 1371 00c7 00       		.byte	0x0
 1372 00c8 00       		.byte	0x0
 1373 00c9 0E       		.uleb128 0xe
 1374 00ca 01       		.uleb128 0x1
 1375 00cb 01       		.byte	0x1
 1376 00cc 49       		.uleb128 0x49
 1377 00cd 13       		.uleb128 0x13
 1378 00ce 01       		.uleb128 0x1
 1379 00cf 13       		.uleb128 0x13
 1380 00d0 00       		.byte	0x0
 1381 00d1 00       		.byte	0x0
 1382 00d2 0F       		.uleb128 0xf
 1383 00d3 21       		.uleb128 0x21
 1384 00d4 00       		.byte	0x0
 1385 00d5 49       		.uleb128 0x49
 1386 00d6 13       		.uleb128 0x13
 1387 00d7 2F       		.uleb128 0x2f
 1388 00d8 0B       		.uleb128 0xb
 1389 00d9 00       		.byte	0x0
 1390 00da 00       		.byte	0x0
 1391 00db 10       		.uleb128 0x10
 1392 00dc 24       		.uleb128 0x24
 1393 00dd 00       		.byte	0x0
 1394 00de 0B       		.uleb128 0xb
 1395 00df 0B       		.uleb128 0xb
 1396 00e0 3E       		.uleb128 0x3e
 1397 00e1 0B       		.uleb128 0xb
 1398 00e2 00       		.byte	0x0
 1399 00e3 00       		.byte	0x0
 1400 00e4 11       		.uleb128 0x11
 1401 00e5 34       		.uleb128 0x34
 1402 00e6 00       		.byte	0x0
 1403 00e7 03       		.uleb128 0x3
 1404 00e8 0E       		.uleb128 0xe
 1405 00e9 3A       		.uleb128 0x3a
ARM GAS  /cygdrive/d/DOCUME~1/rshilkr/LOCALS~1/Temp/ccW7AWoL.s 			page 30


 1406 00ea 0B       		.uleb128 0xb
 1407 00eb 3B       		.uleb128 0x3b
 1408 00ec 0B       		.uleb128 0xb
 1409 00ed 49       		.uleb128 0x49
 1410 00ee 13       		.uleb128 0x13
 1411 00ef 3F       		.uleb128 0x3f
 1412 00f0 0C       		.uleb128 0xc
 1413 00f1 02       		.uleb128 0x2
 1414 00f2 0A       		.uleb128 0xa
 1415 00f3 00       		.byte	0x0
 1416 00f4 00       		.byte	0x0
 1417 00f5 00       		.byte	0x0
 1418              		.section	.debug_pubnames,"",%progbits
 1419 0000 F6000000 		.4byte	0xf6
 1420 0004 0200     		.2byte	0x2
 1421 0006 00000000 		.4byte	.Ldebug_info0
 1422 000a AB020000 		.4byte	0x2ab
 1423 000e 70000000 		.4byte	0x70
 1424 0012 696E6974 		.ascii	"initUart1\000"
 1424      55617274 
 1424      3100
 1425 001c CA000000 		.4byte	0xca
 1426 0020 75617274 		.ascii	"uart1GetChar\000"
 1426      31476574 
 1426      43686172 
 1426      00
 1427 002d 0A010000 		.4byte	0x10a
 1428 0031 75617274 		.ascii	"uart1GetCh\000"
 1428      31476574 
 1428      436800
 1429 003c 37010000 		.4byte	0x137
 1430 0040 75617274 		.ascii	"uart1SendChar\000"
 1430      3153656E 
 1430      64436861 
 1430      7200
 1431 004e 7D010000 		.4byte	0x17d
 1432 0052 75617274 		.ascii	"uart1SendChars\000"
 1432      3153656E 
 1432      64436861 
 1432      727300
 1433 0061 C2010000 		.4byte	0x1c2
 1434 0065 75617274 		.ascii	"uart1SendCh\000"
 1434      3153656E 
 1434      64436800 
 1435 0071 EB010000 		.4byte	0x1eb
 1436 0075 75617274 		.ascii	"uart1SendString\000"
 1436      3153656E 
 1436      64537472 
 1436      696E6700 
 1437 0085 27020000 		.4byte	0x227
 1438 0089 75617274 		.ascii	"uart1TxBuf\000"
 1438      31547842 
 1438      756600
 1439 0094 39020000 		.4byte	0x239
 1440 0098 75617274 		.ascii	"uart1TxHead\000"
 1440      31547848 
 1440      65616400 
ARM GAS  /cygdrive/d/DOCUME~1/rshilkr/LOCALS~1/Temp/ccW7AWoL.s 			page 31


 1441 00a4 4B020000 		.4byte	0x24b
 1442 00a8 75617274 		.ascii	"uart1TxTail\000"
 1442      31547854 
 1442      61696C00 
 1443 00b4 5D020000 		.4byte	0x25d
 1444 00b8 75617274 		.ascii	"uart1TxRunning\000"
 1444      31547852 
 1444      756E6E69 
 1444      6E6700
 1445 00c7 74020000 		.4byte	0x274
 1446 00cb 75617274 		.ascii	"uart1RxBuf\000"
 1446      31527842 
 1446      756600
 1447 00d6 86020000 		.4byte	0x286
 1448 00da 75617274 		.ascii	"uart1RxHead\000"
 1448      31527848 
 1448      65616400 
 1449 00e6 98020000 		.4byte	0x298
 1450 00ea 75617274 		.ascii	"uart1RxTail\000"
 1450      31527854 
 1450      61696C00 
 1451 00f6 00000000 		.4byte	0x0
 1452              		.section	.debug_aranges,"",%progbits
 1453 0000 1C000000 		.4byte	0x1c
 1454 0004 0200     		.2byte	0x2
 1455 0006 00000000 		.4byte	.Ldebug_info0
 1456 000a 04       		.byte	0x4
 1457 000b 00       		.byte	0x0
 1458 000c 0000     		.2byte	0x0
 1459 000e 0000     		.2byte	0x0
 1460 0010 00000000 		.4byte	.Ltext0
 1461 0014 04020000 		.4byte	.Letext0-.Ltext0
 1462 0018 00000000 		.4byte	0x0
 1463 001c 00000000 		.4byte	0x0
 1464              		.section	.debug_str,"MS",%progbits,1
 1465              	.LASF9:
 1466 0000 6669666F 		.ascii	"fifo_mode\000"
 1466      5F6D6F64 
 1466      6500
 1467              	.LASF16:
 1468 000a 696E6974 		.ascii	"initUart1\000"
 1468      55617274 
 1468      3100
 1469              	.LASF4:
 1470 0014 756E7369 		.ascii	"unsigned int\000"
 1470      676E6564 
 1470      20696E74 
 1470      00
 1471              	.LASF37:
 1472 0021 2F637967 		.ascii	"/cygdrive/d/documents and settings/rshilkr/Desktop/"
 1472      64726976 
 1472      652F642F 
 1472      646F6375 
 1472      6D656E74 
 1473 0054 656D6265 		.ascii	"embedded course/final project/master\000"
 1473      64646564 
 1473      20636F75 
ARM GAS  /cygdrive/d/DOCUME~1/rshilkr/LOCALS~1/Temp/ccW7AWoL.s 			page 32


 1473      7273652F 
 1473      66696E61 
 1474              	.LASF8:
 1475 0079 6D6F6465 		.ascii	"mode\000"
 1475      00
 1476              	.LASF31:
 1477 007e 75617274 		.ascii	"uart1TxRunning\000"
 1477      31547852 
 1477      756E6E69 
 1477      6E6700
 1478              	.LASF18:
 1479 008d 63686172 		.ascii	"charToSend\000"
 1479      546F5365 
 1479      6E6400
 1480              	.LASF7:
 1481 0098 6469765F 		.ascii	"div_factor\000"
 1481      66616374 
 1481      6F7200
 1482              	.LASF33:
 1483 00a3 75617274 		.ascii	"uart1RxHead\000"
 1483      31527848 
 1483      65616400 
 1484              	.LASF35:
 1485 00af 474E5520 		.ascii	"GNU C 4.2.2\000"
 1485      4320342E 
 1485      322E3200 
 1486              	.LASF11:
 1487 00bb 64756D6D 		.ascii	"dummy\000"
 1487      7900
 1488              	.LASF17:
 1489 00c1 75617274 		.ascii	"uart1SendChar\000"
 1489      3153656E 
 1489      64436861 
 1489      7200
 1490              	.LASF34:
 1491 00cf 75617274 		.ascii	"uart1RxTail\000"
 1491      31527854 
 1491      61696C00 
 1492              	.LASF10:
 1493 00db 70527843 		.ascii	"pRxChar\000"
 1493      68617200 
 1494              	.LASF20:
 1495 00e3 746D7048 		.ascii	"tmpHead\000"
 1495      65616400 
 1496              	.LASF12:
 1497 00eb 746D7054 		.ascii	"tmpTail\000"
 1497      61696C00 
 1498              	.LASF25:
 1499 00f3 75617274 		.ascii	"uart1SendCh\000"
 1499      3153656E 
 1499      64436800 
 1500              	.LASF15:
 1501 00ff 72784368 		.ascii	"rxChar\000"
 1501      617200
 1502              	.LASF1:
 1503 0106 756E7369 		.ascii	"unsigned char\000"
 1503      676E6564 
ARM GAS  /cygdrive/d/DOCUME~1/rshilkr/LOCALS~1/Temp/ccW7AWoL.s 			page 33


 1503      20636861 
 1503      7200
 1504              	.LASF32:
 1505 0114 75617274 		.ascii	"uart1RxBuf\000"
 1505      31527842 
 1505      756600
 1506              	.LASF24:
 1507 011f 63686172 		.ascii	"char\000"
 1507      00
 1508              	.LASF23:
 1509 0124 636F756E 		.ascii	"count\000"
 1509      7400
 1510              	.LASF28:
 1511 012a 75617274 		.ascii	"uart1TxBuf\000"
 1511      31547842 
 1511      756600
 1512              	.LASF30:
 1513 0135 75617274 		.ascii	"uart1TxTail\000"
 1513      31547854 
 1513      61696C00 
 1514              	.LASF19:
 1515 0141 63707372 		.ascii	"cpsrReg\000"
 1515      52656700 
 1516              	.LASF36:
 1517 0149 2E2E2F75 		.ascii	"../uart.c\000"
 1517      6172742E 
 1517      6300
 1518              	.LASF22:
 1519 0153 70427566 		.ascii	"pBuff\000"
 1519      6600
 1520              	.LASF14:
 1521 0159 75617274 		.ascii	"uart1GetCh\000"
 1521      31476574 
 1521      436800
 1522              	.LASF2:
 1523 0164 73686F72 		.ascii	"short unsigned int\000"
 1523      7420756E 
 1523      7369676E 
 1523      65642069 
 1523      6E7400
 1524              	.LASF5:
 1525 0177 7369676E 		.ascii	"signed char\000"
 1525      65642063 
 1525      68617200 
 1526              	.LASF0:
 1527 0183 74553136 		.ascii	"tU16\000"
 1527      00
 1528              	.LASF6:
 1529 0188 73686F72 		.ascii	"short int\000"
 1529      7420696E 
 1529      7400
 1530              	.LASF13:
 1531 0192 75617274 		.ascii	"uart1GetChar\000"
 1531      31476574 
 1531      43686172 
 1531      00
 1532              	.LASF21:
ARM GAS  /cygdrive/d/DOCUME~1/rshilkr/LOCALS~1/Temp/ccW7AWoL.s 			page 34


 1533 019f 75617274 		.ascii	"uart1SendChars\000"
 1533      3153656E 
 1533      64436861 
 1533      727300
 1534              	.LASF26:
 1535 01ae 75617274 		.ascii	"uart1SendString\000"
 1535      3153656E 
 1535      64537472 
 1535      696E6700 
 1536              	.LASF27:
 1537 01be 70537472 		.ascii	"pString\000"
 1537      696E6700 
 1538              	.LASF3:
 1539 01c6 74553332 		.ascii	"tU32\000"
 1539      00
 1540              	.LASF29:
 1541 01cb 75617274 		.ascii	"uart1TxHead\000"
 1541      31547848 
 1541      65616400 
 1542              		.ident	"GCC: (GNU) 4.2.2"
ARM GAS  /cygdrive/d/DOCUME~1/rshilkr/LOCALS~1/Temp/ccW7AWoL.s 			page 35


DEFINED SYMBOLS
                            *ABS*:00000000 uart.c
/cygdrive/d/DOCUME~1/rshilkr/LOCALS~1/Temp/ccW7AWoL.s:1      .text:00000000 $t
/cygdrive/d/DOCUME~1/rshilkr/LOCALS~1/Temp/ccW7AWoL.s:16     .text:00000000 initUart1
/cygdrive/d/DOCUME~1/rshilkr/LOCALS~1/Temp/ccW7AWoL.s:153    .text:00000094 $d
/cygdrive/d/DOCUME~1/rshilkr/LOCALS~1/Temp/ccW7AWoL.s:477    .bss:00000000 uart1TxHead
/cygdrive/d/DOCUME~1/rshilkr/LOCALS~1/Temp/ccW7AWoL.s:483    .bss:00000004 uart1TxTail
/cygdrive/d/DOCUME~1/rshilkr/LOCALS~1/Temp/ccW7AWoL.s:488    .bss:00000008 uart1TxRunning
/cygdrive/d/DOCUME~1/rshilkr/LOCALS~1/Temp/ccW7AWoL.s:494    .bss:0000000c uart1RxHead
/cygdrive/d/DOCUME~1/rshilkr/LOCALS~1/Temp/ccW7AWoL.s:500    .bss:00000010 uart1RxTail
/cygdrive/d/DOCUME~1/rshilkr/LOCALS~1/Temp/ccW7AWoL.s:177    .text:000000d8 uart1GetChar
/cygdrive/d/DOCUME~1/rshilkr/LOCALS~1/Temp/ccW7AWoL.s:174    .text:000000d8 $t
/cygdrive/d/DOCUME~1/rshilkr/LOCALS~1/Temp/ccW7AWoL.s:218    .text:000000fc $d
                            *COM*:00000040 uart1RxBuf
/cygdrive/d/DOCUME~1/rshilkr/LOCALS~1/Temp/ccW7AWoL.s:228    .text:00000108 uart1GetCh
/cygdrive/d/DOCUME~1/rshilkr/LOCALS~1/Temp/ccW7AWoL.s:225    .text:00000108 $t
/cygdrive/d/DOCUME~1/rshilkr/LOCALS~1/Temp/ccW7AWoL.s:259    .text:00000124 uart1SendChar
/cygdrive/d/DOCUME~1/rshilkr/LOCALS~1/Temp/ccW7AWoL.s:351    .text:00000190 $d
                            *COM*:00000040 uart1TxBuf
/cygdrive/d/DOCUME~1/rshilkr/LOCALS~1/Temp/ccW7AWoL.s:364    .text:000001a8 uart1SendChars
/cygdrive/d/DOCUME~1/rshilkr/LOCALS~1/Temp/ccW7AWoL.s:361    .text:000001a8 $t
/cygdrive/d/DOCUME~1/rshilkr/LOCALS~1/Temp/ccW7AWoL.s:402    .text:000001cc $d
/cygdrive/d/DOCUME~1/rshilkr/LOCALS~1/Temp/ccW7AWoL.s:410    .text:000001d0 uart1SendCh
/cygdrive/d/DOCUME~1/rshilkr/LOCALS~1/Temp/ccW7AWoL.s:407    .text:000001d0 $t
/cygdrive/d/DOCUME~1/rshilkr/LOCALS~1/Temp/ccW7AWoL.s:444    .text:000001ec uart1SendString
                             .bss:00000000 $d
/cygdrive/d/DOCUME~1/rshilkr/LOCALS~1/Temp/ccW7AWoL.s:650    .debug_loc:00000000 $d

UNDEFINED SYMBOLS
uart1ISR
disIrq
restoreIrq
